Log activo: Tue Oct 28 13:17:06 2025
Log activo: Tue Oct 28 13:17:13 2025
Log activo: Tue Oct 28 13:17:23 2025
Log activo: Tue Oct 28 13:17:33 2025
Log activo: Tue Oct 28 13:17:41 2025
Log activo: Tue Oct 28 13:17:51 2025
Log activo: Tue Oct 28 13:18:01 2025
Log activo: Tue Oct 28 13:18:08 2025
Log activo: Tue Oct 28 13:18:18 2025
Log activo: Tue Oct 28 13:18:28 2025
Log activo: Tue Oct 28 13:18:38 2025
Log activo: Tue Oct 28 13:18:46 2025
Log activo: Tue Oct 28 13:18:56 2025
Log activo: Tue Oct 28 13:19:06 2025
Log activo: Tue Oct 28 13:19:13 2025
Log activo: Tue Oct 28 13:19:23 2025
Log activo: Tue Oct 28 13:19:33 2025
Log activo: Tue Oct 28 13:19:41 2025
Log activo: Tue Oct 28 13:19:51 2025
Log activo: Tue Oct 28 13:20:24 2025
Log activo: Tue Oct 28 13:20:34 2025
Log activo: Tue Oct 28 13:20:42 2025
Log activo: Tue Oct 28 13:20:52 2025
Log activo: Tue Oct 28 13:21:02 2025
Log activo: Tue Oct 28 13:21:10 2025
Log activo: Tue Oct 28 13:21:20 2025
Log activo: Tue Oct 28 13:21:30 2025
Log activo: Tue Oct 28 13:21:37 2025
Log activo: Tue Oct 28 13:21:47 2025
Log activo: Tue Oct 28 13:21:57 2025
Log activo: Tue Oct 28 13:22:07 2025
Log activo: Tue Oct 28 13:22:15 2025
Log activo: Tue Oct 28 13:22:25 2025
Log activo: Tue Oct 28 13:22:35 2025
Log activo: Tue Oct 28 13:22:42 2025
Log activo: Tue Oct 28 13:22:52 2025
Log activo: Tue Oct 28 13:23:02 2025
Log activo: Tue Oct 28 13:23:10 2025
Log activo: Tue Oct 28 13:23:20 2025
Log activo: Tue Oct 28 13:23:30 2025
Log activo: Tue Oct 28 13:23:37 2025
Log activo: Tue Oct 28 13:23:47 2025
Log activo: Tue Oct 28 13:23:57 2025
Log activo: Tue Oct 28 13:24:05 2025
Log activo: Tue Oct 28 13:24:15 2025
Log activo: Tue Oct 28 13:24:25 2025
Log activo: Tue Oct 28 13:24:35 2025
Log activo: Tue Oct 28 13:24:42 2025
Log activo: Tue Oct 28 13:24:52 2025
Log activo: Tue Oct 28 13:25:02 2025
Log activo: Tue Oct 28 13:25:39 2025
Log activo: Tue Oct 28 13:25:49 2025
Log activo: Tue Oct 28 13:25:59 2025
Log activo: Tue Oct 28 13:26:06 2025
Log activo: Tue Oct 28 13:26:16 2025
Log activo: Tue Oct 28 13:26:26 2025
Log activo: Tue Oct 28 13:26:34 2025
Log activo: Tue Oct 28 13:26:44 2025
Log activo: Tue Oct 28 13:26:54 2025
Log activo: Tue Oct 28 13:27:04 2025
Log activo: Tue Oct 28 13:27:11 2025
Log activo: Tue Oct 28 13:27:21 2025
Log activo: Tue Oct 28 13:27:31 2025
Log activo: Tue Oct 28 13:27:39 2025
Log activo: Tue Oct 28 13:27:49 2025
Log activo: Tue Oct 28 13:27:59 2025
Log activo: Tue Oct 28 13:28:06 2025
Log activo: Tue Oct 28 13:28:29 2025
Log activo: Tue Oct 28 13:28:36 2025
Log activo: Tue Oct 28 13:28:46 2025
Log activo: Tue Oct 28 13:28:56 2025
Log activo: Tue Oct 28 13:29:04 2025
Log activo: Tue Oct 28 13:29:14 2025
Log activo: Tue Oct 28 13:29:24 2025
Log activo: Tue Oct 28 13:29:34 2025
Log activo: Tue Oct 28 13:29:42 2025
Log activo: Tue Oct 28 13:29:52 2025
Log activo: Tue Oct 28 13:30:02 2025
Log activo: Tue Oct 28 13:30:09 2025
Log activo: Tue Oct 28 13:30:19 2025
Log activo: Tue Oct 28 13:30:29 2025
Log activo: Tue Oct 28 13:30:37 2025
Log activo: Tue Oct 28 13:30:47 2025
Log activo: Tue Oct 28 13:30:57 2025
Log activo: Tue Oct 28 13:31:04 2025
Log activo: Tue Oct 28 13:31:14 2025
Log activo: Tue Oct 28 13:31:24 2025
Log activo: Tue Oct 28 13:31:32 2025
Log activo: Tue Oct 28 13:31:42 2025
Log activo: Tue Oct 28 13:31:52 2025
Log activo: Tue Oct 28 13:32:02 2025
Log activo: Tue Oct 28 13:32:09 2025
Log activo: Tue Oct 28 13:32:19 2025
Log activo: Tue Oct 28 13:32:29 2025
Log activo: Tue Oct 28 13:32:37 2025
Log activo: Tue Oct 28 13:32:47 2025
Log activo: Tue Oct 28 13:32:57 2025
Log activo: Tue Oct 28 13:33:05 2025
Log activo: Tue Oct 28 13:33:15 2025
Log activo: Tue Oct 28 13:33:25 2025
Log activo: Tue Oct 28 13:33:32 2025
Log activo: Tue Oct 28 13:33:42 2025
Log activo: Tue Oct 28 13:33:52 2025
Log activo: Tue Oct 28 13:34:02 2025
Log activo: Tue Oct 28 13:34:10 2025
Log activo: Tue Oct 28 13:34:20 2025
Log activo: Tue Oct 28 13:34:30 2025
Log activo: Tue Oct 28 13:34:37 2025
Log activo: Tue Oct 28 13:34:47 2025
Log activo: Tue Oct 28 13:34:57 2025
Log activo: Tue Oct 28 13:35:05 2025
Log activo: Tue Oct 28 13:35:15 2025
Log activo: Tue Oct 28 13:35:25 2025
Log activo: Tue Oct 28 13:35:32 2025
Log activo: Tue Oct 28 13:35:42 2025
Log activo: Tue Oct 28 13:35:52 2025
Log activo: Tue Oct 28 13:36:02 2025
Log activo: Tue Oct 28 13:36:10 2025
Log activo: Tue Oct 28 13:36:20 2025
Log activo: Tue Oct 28 13:36:30 2025
Log activo: Tue Oct 28 13:36:37 2025
Log activo: Tue Oct 28 13:36:47 2025
Log activo: Tue Oct 28 13:36:57 2025
Log activo: Tue Oct 28 13:37:05 2025
Log activo: Tue Oct 28 13:37:15 2025
Log activo: Tue Oct 28 13:37:25 2025
Log activo: Tue Oct 28 13:37:32 2025
Log activo: Tue Oct 28 13:37:42 2025
Log activo: Tue Oct 28 13:37:53 2025
Log activo: Tue Oct 28 13:38:00 2025
Log activo: Tue Oct 28 13:38:10 2025
Log activo: Tue Oct 28 13:38:20 2025
Log activo: Tue Oct 28 13:38:30 2025
Log activo: Tue Oct 28 13:38:38 2025
Log activo: Tue Oct 28 13:38:48 2025
Log activo: Tue Oct 28 13:38:58 2025
Log activo: Tue Oct 28 13:39:05 2025
Log activo: Tue Oct 28 13:39:15 2025
Log activo: Tue Oct 28 13:39:25 2025
Log activo: Tue Oct 28 13:39:33 2025
Log activo: Tue Oct 28 13:39:43 2025
Log activo: Tue Oct 28 13:39:53 2025
Log activo: Tue Oct 28 13:40:00 2025
Log activo: Tue Oct 28 13:40:10 2025
Log activo: Tue Oct 28 13:40:20 2025
Log activo: Tue Oct 28 13:40:30 2025
Log activo: Tue Oct 28 13:40:38 2025
Log activo: Tue Oct 28 13:40:48 2025
Log activo: Tue Oct 28 13:40:58 2025
Log activo: Tue Oct 28 13:41:05 2025
Log activo: Tue Oct 28 13:41:15 2025
Log activo: Tue Oct 28 13:41:25 2025
Log activo: Tue Oct 28 13:41:33 2025
Log activo: Tue Oct 28 13:41:43 2025
Log activo: Tue Oct 28 13:41:53 2025
Log activo: Tue Oct 28 13:42:01 2025
Log activo: Tue Oct 28 13:42:11 2025
Log activo: Tue Oct 28 13:42:21 2025
Log activo: Tue Oct 28 13:42:28 2025
Log activo: Tue Oct 28 13:42:38 2025
Log activo: Tue Oct 28 13:42:48 2025
Log activo: Tue Oct 28 13:42:58 2025
Log activo: Tue Oct 28 13:43:06 2025
Log activo: Tue Oct 28 13:43:16 2025
Log activo: Tue Oct 28 13:43:26 2025
Log activo: Tue Oct 28 13:43:33 2025
Log activo: Tue Oct 28 13:43:43 2025
Log activo: Tue Oct 28 13:43:53 2025
Log activo: Tue Oct 28 13:44:01 2025
Log activo: Tue Oct 28 13:44:11 2025
Log activo: Tue Oct 28 13:44:21 2025
Log activo: Tue Oct 28 13:44:29 2025
Log activo: Tue Oct 28 13:44:39 2025
Log activo: Tue Oct 28 13:44:49 2025
Log activo: Tue Oct 28 13:44:56 2025
Log activo: Tue Oct 28 13:45:06 2025
Log activo: Tue Oct 28 13:45:16 2025
Log activo: Tue Oct 28 13:45:26 2025
Log activo: Tue Oct 28 13:45:34 2025
Log activo: Tue Oct 28 13:45:44 2025
Log activo: Tue Oct 28 13:45:54 2025
Log activo: Tue Oct 28 13:46:01 2025
Log activo: Tue Oct 28 13:46:11 2025
Log activo: Tue Oct 28 13:46:21 2025
Log activo: Tue Oct 28 13:46:29 2025
Log activo: Tue Oct 28 13:46:39 2025
Log activo: Tue Oct 28 13:46:49 2025
Log activo: Tue Oct 28 13:46:56 2025
Log activo: Tue Oct 28 13:47:06 2025
Log activo: Tue Oct 28 13:47:16 2025
Log activo: Tue Oct 28 13:47:26 2025
Log activo: Tue Oct 28 13:47:34 2025
Log activo: Tue Oct 28 13:47:44 2025
Log activo: Tue Oct 28 13:47:54 2025
Log activo: Tue Oct 28 13:48:01 2025
Log activo: Tue Oct 28 13:48:11 2025
Log activo: Tue Oct 28 13:48:21 2025
Log activo: Tue Oct 28 13:48:29 2025
Log activo: Tue Oct 28 13:48:39 2025
Log activo: Tue Oct 28 13:48:49 2025
Log activo: Tue Oct 28 13:48:57 2025
Log activo: Tue Oct 28 13:49:07 2025
Log activo: Tue Oct 28 13:49:17 2025
[2025-10-28 13:51:25.933860] Tarea agregada: Task I
[2025-10-28 13:51:26.772479] Tarea agregada: Task II
[2025-10-28 13:51:39.176172] Tarea agregada: Task III
[2025-10-28 13:51:47.488358] Tarea agregada: Task III
[2025-10-28 13:51:54.742838] Tarea agregada: Task IV
[2025-10-28 13:52:15.599269] Tarea agregada: Task V
[2025-10-28 14:29:23.460195] Tarea agregada: s
[2025-10-28 14:29:25.008853] Tarea agregada: ss
[2025-10-28 22:49:05.163204] Tarea agregada: Tarea 1
[2025-10-28 22:49:08.360662] Tarea agregada: Tarea 2
